{
  "RSpec": {
    "coverage": {
      "/Users/mikecummins/turing_work/1mod/enigma/enigma/spec/enigma_spec.rb": {
        "lines": [
          1,
          1,
          1,
          null,
          1,
          1,
          1,
          null,
          1,
          null,
          null,
          1,
          1,
          null,
          1,
          1,
          1,
          1,
          1,
          1,
          null,
          null,
          1,
          1,
          null,
          1,
          null,
          null,
          1,
          1,
          null,
          1,
          null,
          null,
          null,
          null,
          null,
          null,
          1,
          1,
          null,
          1,
          null,
          null,
          null,
          null,
          null,
          null,
          1,
          1,
          null,
          1,
          null,
          null,
          null,
          null,
          null,
          null,
          1,
          1,
          null,
          1,
          null,
          null,
          null,
          null,
          null,
          null,
          1,
          1,
          null,
          1,
          null,
          null
        ]
      },
      "/Users/mikecummins/turing_work/1mod/enigma/enigma/lib/enigma.rb": {
        "lines": [
          1,
          1,
          null,
          1,
          1,
          null,
          1,
          8,
          8,
          null,
          null,
          1,
          3,
          3,
          3,
          33,
          33,
          null,
          3,
          null,
          null,
          1,
          2,
          2,
          2,
          22,
          22,
          22,
          null,
          2,
          null,
          null,
          1,
          6,
          null,
          null
        ]
      },
      "/Users/mikecummins/turing_work/1mod/enigma/enigma/lib/key_generator.rb": {
        "lines": [
          1,
          1,
          null,
          1,
          1,
          null,
          null,
          null,
          1,
          13,
          13,
          13,
          null,
          null,
          null,
          1,
          2,
          null,
          null,
          1,
          5,
          null,
          null,
          1,
          7,
          7,
          null,
          null,
          1,
          6,
          6,
          6,
          6,
          6,
          6,
          null,
          null
        ]
      },
      "/Users/mikecummins/turing_work/1mod/enigma/enigma/spec/key_generator_spec.rb": {
        "lines": [
          1,
          null,
          1,
          1,
          1,
          null,
          1,
          null,
          null,
          1,
          1,
          1,
          null,
          1,
          1,
          null,
          null,
          1,
          1,
          null,
          1,
          1,
          null,
          null,
          1,
          1,
          1,
          null,
          1,
          null,
          null,
          1,
          1,
          null,
          1,
          null,
          null
        ]
      }
    },
    "timestamp": 1668548071
  }
}
